2024-11-29 11:39:05,405 - Pinging well-known hosts...
2024-11-29 11:39:05,408 - Host: eagle.cs.umanitoba.ca:8999 is INACTIVE after 3 attempts
2024-11-29 11:39:05,409 - Host: silicon.cs.umanitoba.ca:8999 is INACTIVE after 3 attempts
2024-11-29 11:39:05,409 - Host: hawk.cs.umanitoba.ca:8999 is INACTIVE after 3 attempts
2024-11-29 11:39:05,410 - Host: goose.cs.umanitoba.ca:8999 is INACTIVE after 3 attempts
2024-11-29 11:39:05,410 - Host: goose.cs.umanitoba.ca:8997 is INACTIVE after 3 attempts
2024-11-29 11:39:05,410 - Summary:
2024-11-29 11:39:05,410 - Total Hosts: 5
2024-11-29 11:39:05,410 - Active Hosts: 0
2024-11-29 11:39:05,410 - Inactive Hosts: 5
2024-11-29 17:21:03,271 - Pinging well-known hosts...
2024-11-29 17:21:03,275 - Host: hawk.cs.umanitoba.ca:8999 is INACTIVE after 3 attempts
2024-11-29 17:21:03,275 - Host: silicon.cs.umanitoba.ca:8999 is INACTIVE after 3 attempts
2024-11-29 17:21:03,276 - Host: eagle.cs.umanitoba.ca:8999 is INACTIVE after 3 attempts
2024-11-29 17:21:03,276 - Host: goose.cs.umanitoba.ca:8997 is INACTIVE after 3 attempts
2024-11-29 17:21:03,276 - Host: goose.cs.umanitoba.ca:8999 is INACTIVE after 3 attempts
2024-11-29 17:21:03,277 - Summary:
2024-11-29 17:21:03,277 - Total Hosts: 5
2024-11-29 17:21:03,277 - Active Hosts: 0
2024-11-29 17:21:03,277 - Inactive Hosts: 5
